<?xml version="1.0" encoding="UTF-8"?>
<testsuite xmlns:xsi="http://www.w3.org/2001/XMLSchema-instance" xsi:noNamespaceSchemaLocation="https://maven.apache.org/surefire/maven-surefire-plugin/xsd/surefire-test-report.xsd" name="org.example.AppTest" time="0.027" tests="1" errors="0" skipped="0" failures="0">
  <properties>
    <property name="sun.desktop" value="gnome"/>
    <property name="awt.toolkit" value="sun.awt.X11.XToolkit"/>
    <property name="file.encoding.pkg" value="sun.io"/>
    <property name="java.specification.version" value="1.8"/>
    <property name="sun.cpu.isalist" value=""/>
    <property name="sun.jnu.encoding" value="UTF-8"/>
    <property name="java.class.path" value="/home/detonih/workspaceIntelliJ/recipes/target/test-classes:/home/detonih/workspaceIntelliJ/recipes/target/classes:/home/detonih/.m2/repository/junit/junit/4.11/junit-4.11.jar:/home/detonih/.m2/repository/org/hamcrest/hamcrest-core/1.3/hamcrest-core-1.3.jar:/home/detonih/.m2/repository/io/rest-assured/rest-assured/4.3.0/rest-assured-4.3.0.jar:/home/detonih/.m2/repository/org/codehaus/groovy/groovy/3.0.2/groovy-3.0.2.jar:/home/detonih/.m2/repository/org/codehaus/groovy/groovy-xml/3.0.2/groovy-xml-3.0.2.jar:/home/detonih/.m2/repository/org/apache/httpcomponents/httpclient/4.5.3/httpclient-4.5.3.jar:/home/detonih/.m2/repository/org/apache/httpcomponents/httpcore/4.4.6/httpcore-4.4.6.jar:/home/detonih/.m2/repository/commons-logging/commons-logging/1.2/commons-logging-1.2.jar:/home/detonih/.m2/repository/commons-codec/commons-codec/1.9/commons-codec-1.9.jar:/home/detonih/.m2/repository/org/apache/httpcomponents/httpmime/4.5.3/httpmime-4.5.3.jar:/home/detonih/.m2/repository/org/hamcrest/hamcrest/2.1/hamcrest-2.1.jar:/home/detonih/.m2/repository/org/ccil/cowan/tagsoup/tagsoup/1.2.1/tagsoup-1.2.1.jar:/home/detonih/.m2/repository/io/rest-assured/json-path/4.3.0/json-path-4.3.0.jar:/home/detonih/.m2/repository/org/codehaus/groovy/groovy-json/3.0.2/groovy-json-3.0.2.jar:/home/detonih/.m2/repository/io/rest-assured/rest-assured-common/4.3.0/rest-assured-common-4.3.0.jar:/home/detonih/.m2/repository/io/rest-assured/xml-path/4.3.0/xml-path-4.3.0.jar:/home/detonih/.m2/repository/org/apache/commons/commons-lang3/3.4/commons-lang3-3.4.jar:/home/detonih/.m2/repository/jakarta/xml/bind/jakarta.xml.bind-api/2.3.2/jakarta.xml.bind-api-2.3.2.jar:/home/detonih/.m2/repository/jakarta/activation/jakarta.activation-api/1.2.1/jakarta.activation-api-1.2.1.jar:/home/detonih/.m2/repository/com/sun/xml/bind/jaxb-osgi/2.3.0.1/jaxb-osgi-2.3.0.1.jar:/home/detonih/.m2/repository/org/apache/sling/org.apache.sling.javax.activation/0.1.0/org.apache.sling.javax.activation-0.1.0.jar:/home/detonih/.m2/repository/javax/activation/activation/1.1.1/activation-1.1.1.jar:/home/detonih/.m2/repository/com/fasterxml/jackson/core/jackson-databind/2.11.0/jackson-databind-2.11.0.jar:/home/detonih/.m2/repository/com/fasterxml/jackson/core/jackson-annotations/2.11.0/jackson-annotations-2.11.0.jar:/home/detonih/.m2/repository/com/fasterxml/jackson/core/jackson-core/2.11.0/jackson-core-2.11.0.jar:"/>
    <property name="java.vm.vendor" value="Oracle Corporation"/>
    <property name="sun.arch.data.model" value="64"/>
    <property name="java.vendor.url" value="http://java.oracle.com/"/>
    <property name="user.timezone" value=""/>
    <property name="user.country.format" value="BR"/>
    <property name="java.vm.specification.version" value="1.8"/>
    <property name="os.name" value="Linux"/>
    <property name="user.country" value="US"/>
    <property name="sun.java.launcher" value="SUN_STANDARD"/>
    <property name="sun.boot.library.path" value="/usr/java/jdk1.8.0_251/jre/lib/amd64"/>
    <property name="sun.java.command" value="/home/detonih/workspaceIntelliJ/recipes/target/surefire/surefirebooter227671826887121917.jar /home/detonih/workspaceIntelliJ/recipes/target/surefire 2020-06-04T11-38-55_466-jvmRun1 surefire7098305406892836741tmp surefire_02916107084596438187tmp"/>
    <property name="surefire.test.class.path" value="/home/detonih/workspaceIntelliJ/recipes/target/test-classes:/home/detonih/workspaceIntelliJ/recipes/target/classes:/home/detonih/.m2/repository/junit/junit/4.11/junit-4.11.jar:/home/detonih/.m2/repository/org/hamcrest/hamcrest-core/1.3/hamcrest-core-1.3.jar:/home/detonih/.m2/repository/io/rest-assured/rest-assured/4.3.0/rest-assured-4.3.0.jar:/home/detonih/.m2/repository/org/codehaus/groovy/groovy/3.0.2/groovy-3.0.2.jar:/home/detonih/.m2/repository/org/codehaus/groovy/groovy-xml/3.0.2/groovy-xml-3.0.2.jar:/home/detonih/.m2/repository/org/apache/httpcomponents/httpclient/4.5.3/httpclient-4.5.3.jar:/home/detonih/.m2/repository/org/apache/httpcomponents/httpcore/4.4.6/httpcore-4.4.6.jar:/home/detonih/.m2/repository/commons-logging/commons-logging/1.2/commons-logging-1.2.jar:/home/detonih/.m2/repository/commons-codec/commons-codec/1.9/commons-codec-1.9.jar:/home/detonih/.m2/repository/org/apache/httpcomponents/httpmime/4.5.3/httpmime-4.5.3.jar:/home/detonih/.m2/repository/org/hamcrest/hamcrest/2.1/hamcrest-2.1.jar:/home/detonih/.m2/repository/org/ccil/cowan/tagsoup/tagsoup/1.2.1/tagsoup-1.2.1.jar:/home/detonih/.m2/repository/io/rest-assured/json-path/4.3.0/json-path-4.3.0.jar:/home/detonih/.m2/repository/org/codehaus/groovy/groovy-json/3.0.2/groovy-json-3.0.2.jar:/home/detonih/.m2/repository/io/rest-assured/rest-assured-common/4.3.0/rest-assured-common-4.3.0.jar:/home/detonih/.m2/repository/io/rest-assured/xml-path/4.3.0/xml-path-4.3.0.jar:/home/detonih/.m2/repository/org/apache/commons/commons-lang3/3.4/commons-lang3-3.4.jar:/home/detonih/.m2/repository/jakarta/xml/bind/jakarta.xml.bind-api/2.3.2/jakarta.xml.bind-api-2.3.2.jar:/home/detonih/.m2/repository/jakarta/activation/jakarta.activation-api/1.2.1/jakarta.activation-api-1.2.1.jar:/home/detonih/.m2/repository/com/sun/xml/bind/jaxb-osgi/2.3.0.1/jaxb-osgi-2.3.0.1.jar:/home/detonih/.m2/repository/org/apache/sling/org.apache.sling.javax.activation/0.1.0/org.apache.sling.javax.activation-0.1.0.jar:/home/detonih/.m2/repository/javax/activation/activation/1.1.1/activation-1.1.1.jar:/home/detonih/.m2/repository/com/fasterxml/jackson/core/jackson-databind/2.11.0/jackson-databind-2.11.0.jar:/home/detonih/.m2/repository/com/fasterxml/jackson/core/jackson-annotations/2.11.0/jackson-annotations-2.11.0.jar:/home/detonih/.m2/repository/com/fasterxml/jackson/core/jackson-core/2.11.0/jackson-core-2.11.0.jar:"/>
    <property name="sun.cpu.endian" value="little"/>
    <property name="user.home" value="/home/detonih"/>
    <property name="user.language" value="en"/>
    <property name="java.specification.vendor" value="Oracle Corporation"/>
    <property name="java.home" value="/usr/java/jdk1.8.0_251/jre"/>
    <property name="basedir" value="/home/detonih/workspaceIntelliJ/recipes"/>
    <property name="file.separator" value="/"/>
    <property name="line.separator" value="&#10;"/>
    <property name="java.vm.specification.vendor" value="Oracle Corporation"/>
    <property name="java.specification.name" value="Java Platform API Specification"/>
    <property name="java.awt.graphicsenv" value="sun.awt.X11GraphicsEnvironment"/>
    <property name="surefire.real.class.path" value="/home/detonih/workspaceIntelliJ/recipes/target/surefire/surefirebooter227671826887121917.jar"/>
    <property name="sun.boot.class.path" value="/usr/java/jdk1.8.0_251/jre/lib/resources.jar:/usr/java/jdk1.8.0_251/jre/lib/rt.jar:/usr/java/jdk1.8.0_251/jre/lib/sunrsasign.jar:/usr/java/jdk1.8.0_251/jre/lib/jsse.jar:/usr/java/jdk1.8.0_251/jre/lib/jce.jar:/usr/java/jdk1.8.0_251/jre/lib/charsets.jar:/usr/java/jdk1.8.0_251/jre/lib/jfr.jar:/usr/java/jdk1.8.0_251/jre/classes"/>
    <property name="sun.management.compiler" value="HotSpot 64-Bit Tiered Compilers"/>
    <property name="java.runtime.version" value="1.8.0_251-b08"/>
    <property name="user.name" value="detonih"/>
    <property name="path.separator" value=":"/>
    <property name="os.version" value="5.3.0-53-generic"/>
    <property name="java.endorsed.dirs" value="/usr/java/jdk1.8.0_251/jre/lib/endorsed"/>
    <property name="java.runtime.name" value="Java(TM) SE Runtime Environment"/>
    <property name="file.encoding" value="UTF-8"/>
    <property name="java.vm.name" value="Java HotSpot(TM) 64-Bit Server VM"/>
    <property name="localRepository" value="/home/detonih/.m2/repository"/>
    <property name="java.vendor.url.bug" value="http://bugreport.sun.com/bugreport/"/>
    <property name="java.io.tmpdir" value="/tmp"/>
    <property name="java.version" value="1.8.0_251"/>
    <property name="user.dir" value="/home/detonih/workspaceIntelliJ/recipes"/>
    <property name="os.arch" value="amd64"/>
    <property name="java.vm.specification.name" value="Java Virtual Machine Specification"/>
    <property name="java.awt.printerjob" value="sun.print.PSPrinterJob"/>
    <property name="user.language.format" value="pt"/>
    <property name="sun.os.patch.level" value="unknown"/>
    <property name="java.library.path" value="/usr/java/packages/lib/amd64:/usr/lib64:/lib64:/lib:/usr/lib"/>
    <property name="java.vm.info" value="mixed mode"/>
    <property name="java.vendor" value="Oracle Corporation"/>
    <property name="java.vm.version" value="25.251-b08"/>
    <property name="java.ext.dirs" value="/usr/java/jdk1.8.0_251/jre/lib/ext:/usr/java/packages/lib/ext"/>
    <property name="sun.io.unicode.encoding" value="UnicodeLittle"/>
    <property name="java.class.version" value="52.0"/>
  </properties>
  <testcase name="shouldAnswerWithTrue" classname="org.example.AppTest" time="0.001"/>
</testsuite>